0 info it worked if it ends with ok
1 verbose cli [ 'C:\\Program Files\\nodejs\\node.exe',
1 verbose cli   'C:\\Program Files\\nodejs\\node_modules\\npm\\bin\\npm-cli.js',
1 verbose cli   'start' ]
2 info using npm@3.10.10
3 info using node@v6.11.4
4 verbose run-script [ 'prestart', 'start', 'poststart' ]
5 info lifecycle netflixroulette@1.0.0~prestart: netflixroulette@1.0.0
6 silly lifecycle netflixroulette@1.0.0~prestart: no script for prestart, continuing
7 info lifecycle netflixroulette@1.0.0~start: netflixroulette@1.0.0
8 verbose lifecycle netflixroulette@1.0.0~start: unsafe-perm in lifecycle true
9 verbose lifecycle netflixroulette@1.0.0~start: PATH: C:\Program Files\nodejs\node_modules\npm\bin\node-gyp-bin;c:\ntflx\node_modules\.bin;C:\Perl\site\bin;C:\Perl\bin;C:\Program Files (x86)\Common Files\NetSarang;C:\ProgramData\Oracle\Java\javapath;C:\oraform\bin;C:\oracle\ora92\bin;C:\oracle\bin;C:\Program Files (x86)\Oracle\jre\1.3.1\bin;C:\Program Files (x86)\Oracle\jre\1.1.8\bin;C:\Program Files (x86)\Intel\iCLS Client\;C:\Program Files\Intel\iCLS Client\;C:\Windows\system32;C:\Windows;C:\Windows\System32\Wbem;C:\Windows\System32\WindowsPowerShell\v1.0\;C:\Program Files\Intel\Intel(R) Management Engine Components\DAL;C:\Program Files\Intel\Intel(R) Management Engine Components\IPT;C:\Program Files (x86)\Intel\Intel(R) Management Engine Components\DAL;C:\Program Files (x86)\Intel\Intel(R) Management Engine Components\IPT;C:\oraform\jdk\bin;C:\Program Files\7-Zip;C:\Program Files (x86)\Borland\Delphi7\Bin;C:\Program Files (x86)\Borland\Delphi7\Projects\Bpl;C:\Program Files (x86)\MySQL\MySQL Server 5.0\bin; C:\Python27;C:\Program Files\Microsoft\Web Platform Installer\;C:\Program Files (x86)\Microsoft ASP.NET\ASP.NET Web Pages\v1.0\;C:\Program Files\Microsoft SQL Server\110\Tools\Binn\;C:\Program Files\Git\cmd;C:\Program Files\nodejs\;;C:\Program Files (x86)\Microsoft VS Code\bin;C:\Users\icprog10\AppData\Roaming\LRClient;C:\Users\icprog10\AppData\Roaming\npm
10 verbose lifecycle netflixroulette@1.0.0~start: CWD: c:\ntflx
11 silly lifecycle netflixroulette@1.0.0~start: Args: [ '/d /s /c', 'node server.js' ]
12 silly lifecycle netflixroulette@1.0.0~start: Returned: code: 3221225786  signal: null
13 info lifecycle netflixroulette@1.0.0~start: Failed to exec start script
14 verbose stack Error: netflixroulette@1.0.0 start: `node server.js`
14 verbose stack Exit status 3221225786
14 verbose stack     at EventEmitter.<anonymous> (C:\Program Files\nodejs\node_modules\npm\lib\utils\lifecycle.js:255:16)
14 verbose stack     at emitTwo (events.js:106:13)
14 verbose stack     at EventEmitter.emit (events.js:191:7)
14 verbose stack     at ChildProcess.<anonymous> (C:\Program Files\nodejs\node_modules\npm\lib\utils\spawn.js:40:14)
14 verbose stack     at emitTwo (events.js:106:13)
14 verbose stack     at ChildProcess.emit (events.js:191:7)
14 verbose stack     at maybeClose (internal/child_process.js:920:16)
14 verbose stack     at Process.ChildProcess._handle.onexit (internal/child_process.js:230:5)
15 verbose pkgid netflixroulette@1.0.0
16 verbose cwd c:\ntflx
17 error Windows_NT 6.1.7601
18 error argv "C:\\Program Files\\nodejs\\node.exe" "C:\\Program Files\\nodejs\\node_modules\\npm\\bin\\npm-cli.js" "start"
19 error node v6.11.4
20 error npm  v3.10.10
21 error code ELIFECYCLE
22 error netflixroulette@1.0.0 start: `node server.js`
22 error Exit status 3221225786
23 error Failed at the netflixroulette@1.0.0 start script 'node server.js'.
23 error Make sure you have the latest version of node.js and npm installed.
23 error If you do, this is most likely a problem with the netflixroulette package,
23 error not with npm itself.
23 error Tell the author that this fails on your system:
23 error     node server.js
23 error You can get information on how to open an issue for this project with:
23 error     npm bugs netflixroulette
23 error Or if that isn't available, you can get their info via:
23 error     npm owner ls netflixroulette
23 error There is likely additional logging output above.
24 verbose exit [ 1, true ]
